2018-07-17 07:47:33 -Starting BootdoApplication v1.7.0 on yyy-Latitude-E4300 with PID 9976 (/home/yyy/mygit/bootdo/target/bootdo-1.7.0.jar started by yyy in /home/yyy/mygit/bootdo/target)
2018-07-17 07:47:33 -Running with Spring Boot v1.5.9.RELEASE, Spring v4.3.13.RELEASE
2018-07-17 07:47:33 -The following profiles are active: dev
2018-07-17 07:47:33 -Refreshing org.springframework.boot.context.embedded.AnnotationConfigEmbeddedWebApplicationContext@4efc180e: startup date [Tue Jul 17 07:47:33 CST 2018]; root of context hierarchy
2018-07-17 07:47:34 -HV000001: Hibernate Validator 5.3.6.Final
2018-07-17 07:47:36 -Multiple Spring Data modules found, entering strict repository configuration mode!
2018-07-17 07:47:38 -Bean 'org.springframework.cache.annotation.ProxyCachingConfiguration' of type [org.springframework.cache.annotation.ProxyCachingConfiguration$$EnhancerBySpringCGLIB$$5191c38c] is not eligible for getting processed by all BeanPostProcessors (for example: not eligible for auto-proxying)
2018-07-17 07:47:38 -Bean 'org.springframework.boot.autoconfigure.cache.CacheAutoConfiguration' of type [org.springframework.boot.autoconfigure.cache.CacheAutoConfiguration$$EnhancerBySpringCGLIB$$46058830] is not eligible for getting processed by all BeanPostProcessors (for example: not eligible for auto-proxying)
2018-07-17 07:47:39 -Bean 'spring.cache-org.springframework.boot.autoconfigure.cache.CacheProperties' of type [org.springframework.boot.autoconfigure.cache.CacheProperties] is not eligible for getting processed by all BeanPostProcessors (for example: not eligible for auto-proxying)
2018-07-17 07:47:39 -Bean 'cacheManagerCustomizers' of type [org.springframework.boot.autoconfigure.cache.CacheManagerCustomizers] is not eligible for getting processed by all BeanPostProcessors (for example: not eligible for auto-proxying)
2018-07-17 07:47:39 -Bean 'org.springframework.boot.autoconfigure.cache.EhCacheCacheConfiguration' of type [org.springframework.boot.autoconfigure.cache.EhCacheCacheConfiguration$$EnhancerBySpringCGLIB$$e0a4552e] is not eligible for getting processed by all BeanPostProcessors (for example: not eligible for auto-proxying)
2018-07-17 07:47:44 -Bean 'ehCacheCacheManager' of type [net.sf.ehcache.CacheManager] is not eligible for getting processed by all BeanPostProcessors (for example: not eligible for auto-proxying)
2018-07-17 07:47:44 -Bean 'cacheManager' of type [org.springframework.cache.ehcache.EhCacheCacheManager] is not eligible for getting processed by all BeanPostProcessors (for example: not eligible for auto-proxying)
2018-07-17 07:47:44 -Bean 'cacheAutoConfigurationValidator' of type [org.springframework.boot.autoconfigure.cache.CacheAutoConfiguration$CacheManagerValidator] is not eligible for getting processed by all BeanPostProcessors (for example: not eligible for auto-proxying)
2018-07-17 07:47:44 -Bean 'org.springframework.transaction.annotation.ProxyTransactionManagementConfiguration' of type [org.springframework.transaction.annotation.ProxyTransactionManagementConfiguration$$EnhancerBySpringCGLIB$$87f8d6e] is not eligible for getting processed by all BeanPostProcessors (for example: not eligible for auto-proxying)
2018-07-17 07:47:44 -Bean 'shiroConfig' of type [com.bootdo.system.config.ShiroConfig$$EnhancerBySpringCGLIB$$fad8bc15] is not eligible for getting processed by all BeanPostProcessors (for example: not eligible for auto-proxying)
2018-07-17 07:47:44 -Bean 'userRealm' of type [com.bootdo.system.shiro.UserRealm] is not eligible for getting processed by all BeanPostProcessors (for example: not eligible for auto-proxying)
2018-07-17 07:47:45 -No configuration found. Configuring ehcache from ehcache-failsafe.xml  found in the classpath: jar:file:/home/yyy/mygit/bootdo/target/bootdo-1.7.0.jar!/BOOT-INF/lib/ehcache-core-2.5.3.jar!/ehcache-failsafe.xml
2018-07-17 07:47:45 -Bean 'ehCacheManager' of type [org.apache.shiro.cache.ehcache.EhCacheManager] is not eligible for getting processed by all BeanPostProcessors (for example: not eligible for auto-proxying)
2018-07-17 07:47:45 -Cache with name 'com.bootdo.system.shiro.UserRealm.authorizationCache' does not yet exist.  Creating now.
2018-07-17 07:47:45 -Added EhCache named [com.bootdo.system.shiro.UserRealm.authorizationCache]
2018-07-17 07:47:45 -Bean 'sessionDAO' of type [org.apache.shiro.session.mgt.eis.MemorySessionDAO] is not eligible for getting processed by all BeanPostProcessors (for example: not eligible for auto-proxying)
2018-07-17 07:47:45 -Bean 'sessionManager' of type [org.apache.shiro.web.session.mgt.DefaultWebSessionManager] is not eligible for getting processed by all BeanPostProcessors (for example: not eligible for auto-proxying)
2018-07-17 07:47:45 -Bean 'securityManager' of type [org.apache.shiro.web.mgt.DefaultWebSecurityManager] is not eligible for getting processed by all BeanPostProcessors (for example: not eligible for auto-proxying)
2018-07-17 07:47:45 -Bean 'authorizationAttributeSourceAdvisor' of type [org.apache.shiro.spring.security.interceptor.AuthorizationAttributeSourceAdvisor] is not eligible for getting processed by all BeanPostProcessors (for example: not eligible for auto-proxying)
2018-07-17 07:47:46 -Tomcat initialized with port(s): 80 (http)
2018-07-17 07:47:46 -Starting service [Tomcat]
2018-07-17 07:47:46 -Starting Servlet Engine: Apache Tomcat/8.5.23
2018-07-17 07:47:47 -Initializing Spring embedded WebApplicationContext
2018-07-17 07:47:47 -Root WebApplicationContext: initialization completed in 13203 ms
2018-07-17 07:47:48 -Mapping filter: 'characterEncodingFilter' to: [/*]
2018-07-17 07:47:48 -Mapping filter: 'hiddenHttpMethodFilter' to: [/*]
2018-07-17 07:47:48 -Mapping filter: 'httpPutFormContentFilter' to: [/*]
2018-07-17 07:47:48 -Mapping filter: 'requestContextFilter' to: [/*]
2018-07-17 07:47:48 -Mapping filter: 'springSecurityFilterChain' to: [/*]
2018-07-17 07:47:48 -Filter xssFilter was not registered (disabled)
2018-07-17 07:47:48 -Mapping filter: 'webStatFilter' to urls: [/*]
2018-07-17 07:47:48 -Mapping filter: 'shiroFilterFactoryBean' to: [/*]
2018-07-17 07:47:48 -Mapping servlet: 'statViewServlet' to [/druid/*]
2018-07-17 07:47:48 -Mapping servlet: 'dispatcherServlet' to [/]
2018-07-17 07:47:50 -{dataSource-1} inited
2018-07-17 07:47:52 -Initializing ExecutorService  'clientInboundChannelExecutor'
2018-07-17 07:47:52 -Initializing ExecutorService  'clientOutboundChannelExecutor'
2018-07-17 07:47:53 -Using default implementation for ThreadExecutor
2018-07-17 07:47:53 -Initialized Scheduler Signaller of type: class org.quartz.core.SchedulerSignalerImpl
2018-07-17 07:47:53 -Quartz Scheduler v.2.2.1 created.
2018-07-17 07:47:53 -RAMJobStore initialized.
2018-07-17 07:47:53 -Scheduler meta-data: Quartz Scheduler (v2.2.1) 'schedulerFactoryBean' with instanceId 'NON_CLUSTERED'
  Scheduler class: 'org.quartz.core.QuartzScheduler' - running locally.
  NOT STARTED.
  Currently in standby mode.
  Number of jobs executed: 0
  Using thread pool 'org.quartz.simpl.SimpleThreadPool' - with 10 threads.
  Using job-store 'org.quartz.simpl.RAMJobStore' - which does not support persistence. and is not clustered.

2018-07-17 07:47:53 -Quartz scheduler 'schedulerFactoryBean' initialized from an externally provided properties instance.
2018-07-17 07:47:53 -Quartz scheduler version: 2.2.1
2018-07-17 07:47:53 -JobFactory set to: com.bootdo.common.quartz.factory.JobFactory@4afd21c6
2018-07-17 07:47:53 -ApplicationContext registed-->org.springframework.boot.context.embedded.AnnotationConfigEmbeddedWebApplicationContext@4efc180e: startup date [Tue Jul 17 07:47:33 CST 2018]; root of context hierarchy
2018-07-17 07:47:55 -performing create on history with resource org/activiti/db/create/activiti.mysql.create.history.sql
2018-07-17 07:47:55 -Found MySQL: majorVersion=5 minorVersion=7
2018-07-17 07:48:04 -performing create on identity with resource org/activiti/db/create/activiti.mysql.create.identity.sql
2018-07-17 07:48:04 -Found MySQL: majorVersion=5 minorVersion=7
2018-07-17 07:48:06 -{conn-10001, stmt-20031} execute error. alter table ACT_ID_MEMBERSHIP 
add constraint ACT_FK_MEMB_GROUP 
foreign key (GROUP_ID_) 
references ACT_ID_GROUP (ID_)
com.mysql.jdbc.exceptions.jdbc4.MySQLIntegrityConstraintViolationException: Can't write; duplicate key in table '#sql-569_1b'
	at sun.reflect.NativeConstructorAccessorImpl.newInstance0(java.base@9-internal/Native Method)
	at sun.reflect.NativeConstructorAccessorImpl.newInstance(java.base@9-internal/NativeConstructorAccessorImpl.java:62)
	at sun.reflect.DelegatingConstructorAccessorImpl.newInstance(java.base@9-internal/DelegatingConstructorAccessorImpl.java:45)
	at java.lang.reflect.Constructor.newInstance(java.base@9-internal/Constructor.java:453)
	at com.mysql.jdbc.Util.handleNewInstance(Util.java:425)
	at com.mysql.jdbc.Util.getInstance(Util.java:408)
	at com.mysql.jdbc.SQLError.createSQLException(SQLError.java:935)
	at com.mysql.jdbc.MysqlIO.checkErrorPacket(MysqlIO.java:3973)
	at com.mysql.jdbc.MysqlIO.checkErrorPacket(MysqlIO.java:3909)
	at com.mysql.jdbc.MysqlIO.sendCommand(MysqlIO.java:2527)
	at com.mysql.jdbc.MysqlIO.sqlQueryDirect(MysqlIO.java:2680)
	at com.mysql.jdbc.ConnectionImpl.execSQL(ConnectionImpl.java:2483)
	at com.mysql.jdbc.ConnectionImpl.execSQL(ConnectionImpl.java:2441)
	at com.mysql.jdbc.StatementImpl.executeInternal(StatementImpl.java:845)
	at com.mysql.jdbc.StatementImpl.execute(StatementImpl.java:745)
	at com.alibaba.druid.filter.FilterChainImpl.statement_execute(FilterChainImpl.java:2489)
	at com.alibaba.druid.filter.FilterAdapter.statement_execute(FilterAdapter.java:2451)
	at com.alibaba.druid.filter.FilterEventAdapter.statement_execute(FilterEventAdapter.java:188)
	at com.alibaba.druid.filter.FilterChainImpl.statement_execute(FilterChainImpl.java:2487)
	at com.alibaba.druid.wall.WallFilter.statement_execute(WallFilter.java:398)
	at com.alibaba.druid.filter.FilterChainImpl.statement_execute(FilterChainImpl.java:2487)
	at com.alibaba.druid.filter.FilterAdapter.statement_execute(FilterAdapter.java:2451)
	at com.alibaba.druid.filter.FilterEventAdapter.statement_execute(FilterEventAdapter.java:188)
	at com.alibaba.druid.filter.FilterChainImpl.statement_execute(FilterChainImpl.java:2487)
	at com.alibaba.druid.proxy.jdbc.StatementProxyImpl.execute(StatementProxyImpl.java:137)
	at com.alibaba.druid.pool.DruidPooledStatement.execute(DruidPooledStatement.java:418)
	at org.activiti.engine.impl.db.DbSqlSession.executeSchemaResource(DbSqlSession.java:1311)
	at org.activiti.engine.impl.db.DbSqlSession.executeSchemaResource(DbSqlSession.java:1231)
	at org.activiti.engine.impl.db.DbSqlSession.executeMandatorySchemaResource(DbSqlSession.java:1016)
	at org.activiti.engine.impl.db.DbSqlSession.dbSchemaCreateIdentity(DbSqlSession.java:985)
	at org.activiti.engine.impl.db.DbSqlSession.dbSchemaUpdate(DbSqlSession.java:1087)
	at org.activiti.engine.impl.db.DbSqlSession.performSchemaOperationsProcessEngineBuild(DbSqlSession.java:1422)
	at org.activiti.engine.impl.SchemaOperationsProcessEngineBuild.execute(SchemaOperationsProcessEngineBuild.java:27)
	at org.activiti.engine.impl.interceptor.CommandInvoker.execute(CommandInvoker.java:24)
	at org.activiti.engine.impl.interceptor.CommandContextInterceptor.execute(CommandContextInterceptor.java:57)
	at org.activiti.spring.SpringTransactionInterceptor$1.doInTransaction(SpringTransactionInterceptor.java:47)
	at org.springframework.transaction.support.TransactionTemplate.execute(TransactionTemplate.java:133)
	at org.activiti.spring.SpringTransactionInterceptor.execute(SpringTransactionInterceptor.java:45)
	at org.activiti.engine.impl.interceptor.LogInterceptor.execute(LogInterceptor.java:31)
	at org.activiti.engine.impl.cfg.CommandExecutorImpl.execute(CommandExecutorImpl.java:40)
	at org.activiti.engine.impl.ProcessEngineImpl.<init>(ProcessEngineImpl.java:80)
	at org.activiti.engine.impl.cfg.ProcessEngineConfigurationImpl.buildProcessEngine(ProcessEngineConfigurationImpl.java:613)
	at org.activiti.spring.SpringProcessEngineConfiguration.buildProcessEngine(SpringProcessEngineConfiguration.java:65)
	at org.activiti.spring.ProcessEngineFactoryBean.getObject(ProcessEngineFactoryBean.java:60)
	at org.activiti.spring.ProcessEngineFactoryBean.getObject(ProcessEngineFactoryBean.java:32)
	at org.springframework.beans.factory.support.FactoryBeanRegistrySupport.doGetObjectFromFactoryBean(FactoryBeanRegistrySupport.java:168)
	at org.springframework.beans.factory.support.FactoryBeanRegistrySupport.getObjectFromFactoryBean(FactoryBeanRegistrySupport.java:103)
	at org.springframework.beans.factory.support.AbstractBeanFactory.getObjectForBeanInstance(AbstractBeanFactory.java:1634)
	at org.springframework.beans.factory.support.AbstractBeanFactory.doGetBean(AbstractBeanFactory.java:317)
	at org.springframework.beans.factory.support.AbstractBeanFactory.getBean(AbstractBeanFactory.java:202)
	at org.springframework.beans.factory.config.DependencyDescriptor.resolveCandidate(DependencyDescriptor.java:208)
	at org.springframework.beans.factory.support.DefaultListableBeanFactory.doResolveDependency(DefaultListableBeanFactory.java:1138)
	at org.springframework.beans.factory.support.DefaultListableBeanFactory.resolveDependency(DefaultListableBeanFactory.java:1066)
	at org.springframework.beans.factory.support.ConstructorResolver.resolveAutowiredArgument(ConstructorResolver.java:835)
	at org.springframework.beans.factory.support.ConstructorResolver.createArgumentArray(ConstructorResolver.java:741)
	at org.springframework.beans.factory.support.ConstructorResolver.instantiateUsingFactoryMethod(ConstructorResolver.java:467)
	at org.springframework.beans.factory.support.AbstractAutowireCapableBeanFactory.instantiateUsingFactoryMethod(AbstractAutowireCapableBeanFactory.java:1173)
	at org.springframework.beans.factory.support.AbstractAutowireCapableBeanFactory.createBeanInstance(AbstractAutowireCapableBeanFactory.java:1067)
	at org.springframework.beans.factory.support.AbstractAutowireCapableBeanFactory.doCreateBean(AbstractAutowireCapableBeanFactory.java:513)
	at org.springframework.beans.factory.support.AbstractAutowireCapableBeanFactory.createBean(AbstractAutowireCapableBeanFactory.java:483)
	at org.springframework.beans.factory.support.AbstractBeanFactory$1.getObject(AbstractBeanFactory.java:306)
	at org.springframework.beans.factory.support.DefaultSingletonBeanRegistry.getSingleton(DefaultSingletonBeanRegistry.java:230)
	at org.springframework.beans.factory.support.AbstractBeanFactory.doGetBean(AbstractBeanFactory.java:302)
	at org.springframework.beans.factory.support.AbstractBeanFactory.getBean(AbstractBeanFactory.java:202)
	at org.springframework.beans.factory.config.DependencyDescriptor.resolveCandidate(DependencyDescriptor.java:208)
	at org.springframework.beans.factory.support.DefaultListableBeanFactory.doResolveDependency(DefaultListableBeanFactory.java:1138)
	at org.springframework.beans.factory.support.DefaultListableBeanFactory.resolveDependency(DefaultListableBeanFactory.java:1066)
	at org.springframework.beans.factory.annotation.AutowiredAnnotationBeanPostProcessor$AutowiredFieldElement.inject(AutowiredAnnotationBeanPostProcessor.java:585)
	at org.springframework.beans.factory.annotation.InjectionMetadata.inject(InjectionMetadata.java:88)
	at org.springframework.beans.factory.annotation.AutowiredAnnotationBeanPostProcessor.postProcessPropertyValues(AutowiredAnnotationBeanPostProcessor.java:366)
	at org.springframework.beans.factory.support.AbstractAutowireCapableBeanFactory.populateBean(AbstractAutowireCapableBeanFactory.java:1264)
	at org.springframework.beans.factory.support.AbstractAutowireCapableBeanFactory.doCreateBean(AbstractAutowireCapableBeanFactory.java:553)
	at org.springframework.beans.factory.support.AbstractAutowireCapableBeanFactory.createBean(AbstractAutowireCapableBeanFactory.java:483)
	at org.springframework.beans.factory.support.AbstractBeanFactory$1.getObject(AbstractBeanFactory.java:306)
	at org.springframework.beans.factory.support.DefaultSingletonBeanRegistry.getSingleton(DefaultSingletonBeanRegistry.java:230)
	at org.springframework.beans.factory.support.AbstractBeanFactory.doGetBean(AbstractBeanFactory.java:302)
	at org.springframework.beans.factory.support.AbstractBeanFactory.getBean(AbstractBeanFactory.java:197)
	at org.springframework.beans.factory.support.DefaultListableBeanFactory.preInstantiateSingletons(DefaultListableBeanFactory.java:761)
	at org.springframework.context.support.AbstractApplicationContext.finishBeanFactoryInitialization(AbstractApplicationContext.java:867)
	at org.springframework.context.support.AbstractApplicationContext.refresh(AbstractApplicationContext.java:543)
	at org.springframework.boot.context.embedded.EmbeddedWebApplicationContext.refresh(EmbeddedWebApplicationContext.java:122)
	at org.springframework.boot.SpringApplication.refresh(SpringApplication.java:693)
	at org.springframework.boot.SpringApplication.refreshContext(SpringApplication.java:360)
	at org.springframework.boot.SpringApplication.run(SpringApplication.java:303)
	at org.springframework.boot.SpringApplication.run(SpringApplication.java:1118)
	at org.springframework.boot.SpringApplication.run(SpringApplication.java:1107)
	at com.bootdo.BootdoApplication.main(BootdoApplication.java:18)
	at sun.reflect.NativeMethodAccessorImpl.invoke0(java.base@9-internal/Native Method)
	at sun.reflect.NativeMethodAccessorImpl.invoke(java.base@9-internal/NativeMethodAccessorImpl.java:62)
	at sun.reflect.DelegatingMethodAccessorImpl.invoke(java.base@9-internal/DelegatingMethodAccessorImpl.java:43)
	at java.lang.reflect.Method.invoke(java.base@9-internal/Method.java:531)
	at org.springframework.boot.loader.MainMethodRunner.run(MainMethodRunner.java:48)
	at org.springframework.boot.loader.Launcher.launch(Launcher.java:87)
	at org.springframework.boot.loader.Launcher.launch(Launcher.java:50)
	at org.springframework.boot.loader.JarLauncher.main(JarLauncher.java:51)
2018-07-17 07:48:06 -problem during schema create, statement alter table ACT_ID_MEMBERSHIP 
add constraint ACT_FK_MEMB_GROUP 
foreign key (GROUP_ID_) 
references ACT_ID_GROUP (ID_)
com.mysql.jdbc.exceptions.jdbc4.MySQLIntegrityConstraintViolationException: Can't write; duplicate key in table '#sql-569_1b'
	at sun.reflect.NativeConstructorAccessorImpl.newInstance0(java.base@9-internal/Native Method)
	at sun.reflect.NativeConstructorAccessorImpl.newInstance(java.base@9-internal/NativeConstructorAccessorImpl.java:62)
	at sun.reflect.DelegatingConstructorAccessorImpl.newInstance(java.base@9-internal/DelegatingConstructorAccessorImpl.java:45)
	at java.lang.reflect.Constructor.newInstance(java.base@9-internal/Constructor.java:453)
	at com.mysql.jdbc.Util.handleNewInstance(Util.java:425)
	at com.mysql.jdbc.Util.getInstance(Util.java:408)
	at com.mysql.jdbc.SQLError.createSQLException(SQLError.java:935)
	at com.mysql.jdbc.MysqlIO.checkErrorPacket(MysqlIO.java:3973)
	at com.mysql.jdbc.MysqlIO.checkErrorPacket(MysqlIO.java:3909)
	at com.mysql.jdbc.MysqlIO.sendCommand(MysqlIO.java:2527)
	at com.mysql.jdbc.MysqlIO.sqlQueryDirect(MysqlIO.java:2680)
	at com.mysql.jdbc.ConnectionImpl.execSQL(ConnectionImpl.java:2483)
	at com.mysql.jdbc.ConnectionImpl.execSQL(ConnectionImpl.java:2441)
	at com.mysql.jdbc.StatementImpl.executeInternal(StatementImpl.java:845)
	at com.mysql.jdbc.StatementImpl.execute(StatementImpl.java:745)
	at com.alibaba.druid.filter.FilterChainImpl.statement_execute(FilterChainImpl.java:2489)
	at com.alibaba.druid.filter.FilterAdapter.statement_execute(FilterAdapter.java:2451)
	at com.alibaba.druid.filter.FilterEventAdapter.statement_execute(FilterEventAdapter.java:188)
	at com.alibaba.druid.filter.FilterChainImpl.statement_execute(FilterChainImpl.java:2487)
	at com.alibaba.druid.wall.WallFilter.statement_execute(WallFilter.java:398)
	at com.alibaba.druid.filter.FilterChainImpl.statement_execute(FilterChainImpl.java:2487)
	at com.alibaba.druid.filter.FilterAdapter.statement_execute(FilterAdapter.java:2451)
	at com.alibaba.druid.filter.FilterEventAdapter.statement_execute(FilterEventAdapter.java:188)
	at com.alibaba.druid.filter.FilterChainImpl.statement_execute(FilterChainImpl.java:2487)
	at com.alibaba.druid.proxy.jdbc.StatementProxyImpl.execute(StatementProxyImpl.java:137)
	at com.alibaba.druid.pool.DruidPooledStatement.execute(DruidPooledStatement.java:418)
	at org.activiti.engine.impl.db.DbSqlSession.executeSchemaResource(DbSqlSession.java:1311)
	at org.activiti.engine.impl.db.DbSqlSession.executeSchemaResource(DbSqlSession.java:1231)
	at org.activiti.engine.impl.db.DbSqlSession.executeMandatorySchemaResource(DbSqlSession.java:1016)
	at org.activiti.engine.impl.db.DbSqlSession.dbSchemaCreateIdentity(DbSqlSession.java:985)
	at org.activiti.engine.impl.db.DbSqlSession.dbSchemaUpdate(DbSqlSession.java:1087)
	at org.activiti.engine.impl.db.DbSqlSession.performSchemaOperationsProcessEngineBuild(DbSqlSession.java:1422)
	at org.activiti.engine.impl.SchemaOperationsProcessEngineBuild.execute(SchemaOperationsProcessEngineBuild.java:27)
	at org.activiti.engine.impl.interceptor.CommandInvoker.execute(CommandInvoker.java:24)
	at org.activiti.engine.impl.interceptor.CommandContextInterceptor.execute(CommandContextInterceptor.java:57)
	at org.activiti.spring.SpringTransactionInterceptor$1.doInTransaction(SpringTransactionInterceptor.java:47)
	at org.springframework.transaction.support.TransactionTemplate.execute(TransactionTemplate.java:133)
	at org.activiti.spring.SpringTransactionInterceptor.execute(SpringTransactionInterceptor.java:45)
	at org.activiti.engine.impl.interceptor.LogInterceptor.execute(LogInterceptor.java:31)
	at org.activiti.engine.impl.cfg.CommandExecutorImpl.execute(CommandExecutorImpl.java:40)
	at org.activiti.engine.impl.ProcessEngineImpl.<init>(ProcessEngineImpl.java:80)
	at org.activiti.engine.impl.cfg.ProcessEngineConfigurationImpl.buildProcessEngine(ProcessEngineConfigurationImpl.java:613)
	at org.activiti.spring.SpringProcessEngineConfiguration.buildProcessEngine(SpringProcessEngineConfiguration.java:65)
	at org.activiti.spring.ProcessEngineFactoryBean.getObject(ProcessEngineFactoryBean.java:60)
	at org.activiti.spring.ProcessEngineFactoryBean.getObject(ProcessEngineFactoryBean.java:32)
	at org.springframework.beans.factory.support.FactoryBeanRegistrySupport.doGetObjectFromFactoryBean(FactoryBeanRegistrySupport.java:168)
	at org.springframework.beans.factory.support.FactoryBeanRegistrySupport.getObjectFromFactoryBean(FactoryBeanRegistrySupport.java:103)
	at org.springframework.beans.factory.support.AbstractBeanFactory.getObjectForBeanInstance(AbstractBeanFactory.java:1634)
	at org.springframework.beans.factory.support.AbstractBeanFactory.doGetBean(AbstractBeanFactory.java:317)
	at org.springframework.beans.factory.support.AbstractBeanFactory.getBean(AbstractBeanFactory.java:202)
	at org.springframework.beans.factory.config.DependencyDescriptor.resolveCandidate(DependencyDescriptor.java:208)
	at org.springframework.beans.factory.support.DefaultListableBeanFactory.doResolveDependency(DefaultListableBeanFactory.java:1138)
	at org.springframework.beans.factory.support.DefaultListableBeanFactory.resolveDependency(DefaultListableBeanFactory.java:1066)
	at org.springframework.beans.factory.support.ConstructorResolver.resolveAutowiredArgument(ConstructorResolver.java:835)
	at org.springframework.beans.factory.support.ConstructorResolver.createArgumentArray(ConstructorResolver.java:741)
	at org.springframework.beans.factory.support.ConstructorResolver.instantiateUsingFactoryMethod(ConstructorResolver.java:467)
	at org.springframework.beans.factory.support.AbstractAutowireCapableBeanFactory.instantiateUsingFactoryMethod(AbstractAutowireCapableBeanFactory.java:1173)
	at org.springframework.beans.factory.support.AbstractAutowireCapableBeanFactory.createBeanInstance(AbstractAutowireCapableBeanFactory.java:1067)
	at org.springframework.beans.factory.support.AbstractAutowireCapableBeanFactory.doCreateBean(AbstractAutowireCapableBeanFactory.java:513)
	at org.springframework.beans.factory.support.AbstractAutowireCapableBeanFactory.createBean(AbstractAutowireCapableBeanFactory.java:483)
	at org.springframework.beans.factory.support.AbstractBeanFactory$1.getObject(AbstractBeanFactory.java:306)
	at org.springframework.beans.factory.support.DefaultSingletonBeanRegistry.getSingleton(DefaultSingletonBeanRegistry.java:230)
	at org.springframework.beans.factory.support.AbstractBeanFactory.doGetBean(AbstractBeanFactory.java:302)
	at org.springframework.beans.factory.support.AbstractBeanFactory.getBean(AbstractBeanFactory.java:202)
	at org.springframework.beans.factory.config.DependencyDescriptor.resolveCandidate(DependencyDescriptor.java:208)
	at org.springframework.beans.factory.support.DefaultListableBeanFactory.doResolveDependency(DefaultListableBeanFactory.java:1138)
	at org.springframework.beans.factory.support.DefaultListableBeanFactory.resolveDependency(DefaultListableBeanFactory.java:1066)
	at org.springframework.beans.factory.annotation.AutowiredAnnotationBeanPostProcessor$AutowiredFieldElement.inject(AutowiredAnnotationBeanPostProcessor.java:585)
	at org.springframework.beans.factory.annotation.InjectionMetadata.inject(InjectionMetadata.java:88)
	at org.springframework.beans.factory.annotation.AutowiredAnnotationBeanPostProcessor.postProcessPropertyValues(AutowiredAnnotationBeanPostProcessor.java:366)
	at org.springframework.beans.factory.support.AbstractAutowireCapableBeanFactory.populateBean(AbstractAutowireCapableBeanFactory.java:1264)
	at org.springframework.beans.factory.support.AbstractAutowireCapableBeanFactory.doCreateBean(AbstractAutowireCapableBeanFactory.java:553)
	at org.springframework.beans.factory.support.AbstractAutowireCapableBeanFactory.createBean(AbstractAutowireCapableBeanFactory.java:483)
	at org.springframework.beans.factory.support.AbstractBeanFactory$1.getObject(AbstractBeanFactory.java:306)
	at org.springframework.beans.factory.support.DefaultSingletonBeanRegistry.getSingleton(DefaultSingletonBeanRegistry.java:230)
	at org.springframework.beans.factory.support.AbstractBeanFactory.doGetBean(AbstractBeanFactory.java:302)
	at org.springframework.beans.factory.support.AbstractBeanFactory.getBean(AbstractBeanFactory.java:197)
	at org.springframework.beans.factory.support.DefaultListableBeanFactory.preInstantiateSingletons(DefaultListableBeanFactory.java:761)
	at org.springframework.context.support.AbstractApplicationContext.finishBeanFactoryInitialization(AbstractApplicationContext.java:867)
	at org.springframework.context.support.AbstractApplicationContext.refresh(AbstractApplicationContext.java:543)
	at org.springframework.boot.context.embedded.EmbeddedWebApplicationContext.refresh(EmbeddedWebApplicationContext.java:122)
	at org.springframework.boot.SpringApplication.refresh(SpringApplication.java:693)
	at org.springframework.boot.SpringApplication.refreshContext(SpringApplication.java:360)
	at org.springframework.boot.SpringApplication.run(SpringApplication.java:303)
	at org.springframework.boot.SpringApplication.run(SpringApplication.java:1118)
	at org.springframework.boot.SpringApplication.run(SpringApplication.java:1107)
	at com.bootdo.BootdoApplication.main(BootdoApplication.java:18)
	at sun.reflect.NativeMethodAccessorImpl.invoke0(java.base@9-internal/Native Method)
	at sun.reflect.NativeMethodAccessorImpl.invoke(java.base@9-internal/NativeMethodAccessorImpl.java:62)
	at sun.reflect.DelegatingMethodAccessorImpl.invoke(java.base@9-internal/DelegatingMethodAccessorImpl.java:43)
	at java.lang.reflect.Method.invoke(java.base@9-internal/Method.java:531)
	at org.springframework.boot.loader.MainMethodRunner.run(MainMethodRunner.java:48)
	at org.springframework.boot.loader.Launcher.launch(Launcher.java:87)
	at org.springframework.boot.loader.Launcher.launch(Launcher.java:50)
	at org.springframework.boot.loader.JarLauncher.main(JarLauncher.java:51)
2018-07-17 07:48:06 -{conn-10001, stmt-20032} execute error. alter table ACT_ID_MEMBERSHIP 
add constraint ACT_FK_MEMB_USER 
foreign key (USER_ID_) 
references ACT_ID_USER (ID_)
com.mysql.jdbc.exceptions.jdbc4.MySQLIntegrityConstraintViolationException: Can't write; duplicate key in table '#sql-569_1b'
	at sun.reflect.NativeConstructorAccessorImpl.newInstance0(java.base@9-internal/Native Method)
	at sun.reflect.NativeConstructorAccessorImpl.newInstance(java.base@9-internal/NativeConstructorAccessorImpl.java:62)
	at sun.reflect.DelegatingConstructorAccessorImpl.newInstance(java.base@9-internal/DelegatingConstructorAccessorImpl.java:45)
	at java.lang.reflect.Constructor.newInstance(java.base@9-internal/Constructor.java:453)
	at com.mysql.jdbc.Util.handleNewInstance(Util.java:425)
	at com.mysql.jdbc.Util.getInstance(Util.java:408)
	at com.mysql.jdbc.SQLError.createSQLException(SQLError.java:935)
	at com.mysql.jdbc.MysqlIO.checkErrorPacket(MysqlIO.java:3973)
	at com.mysql.jdbc.MysqlIO.checkErrorPacket(MysqlIO.java:3909)
	at com.mysql.jdbc.MysqlIO.sendCommand(MysqlIO.java:2527)
	at com.mysql.jdbc.MysqlIO.sqlQueryDirect(MysqlIO.java:2680)
	at com.mysql.jdbc.ConnectionImpl.execSQL(ConnectionImpl.java:2483)
	at com.mysql.jdbc.ConnectionImpl.execSQL(ConnectionImpl.java:2441)
	at com.mysql.jdbc.StatementImpl.executeInternal(StatementImpl.java:845)
	at com.mysql.jdbc.StatementImpl.execute(StatementImpl.java:745)
	at com.alibaba.druid.filter.FilterChainImpl.statement_execute(FilterChainImpl.java:2489)
	at com.alibaba.druid.filter.FilterAdapter.statement_execute(FilterAdapter.java:2451)
	at com.alibaba.druid.filter.FilterEventAdapter.statement_execute(FilterEventAdapter.java:188)
	at com.alibaba.druid.filter.FilterChainImpl.statement_execute(FilterChainImpl.java:2487)
	at com.alibaba.druid.wall.WallFilter.statement_execute(WallFilter.java:398)
	at com.alibaba.druid.filter.FilterChainImpl.statement_execute(FilterChainImpl.java:2487)
	at com.alibaba.druid.filter.FilterAdapter.statement_execute(FilterAdapter.java:2451)
	at com.alibaba.druid.filter.FilterEventAdapter.statement_execute(FilterEventAdapter.java:188)
	at com.alibaba.druid.filter.FilterChainImpl.statement_execute(FilterChainImpl.java:2487)
	at com.alibaba.druid.proxy.jdbc.StatementProxyImpl.execute(StatementProxyImpl.java:137)
	at com.alibaba.druid.pool.DruidPooledStatement.execute(DruidPooledStatement.java:418)
	at org.activiti.engine.impl.db.DbSqlSession.executeSchemaResource(DbSqlSession.java:1311)
	at org.activiti.engine.impl.db.DbSqlSession.executeSchemaResource(DbSqlSession.java:1231)
	at org.activiti.engine.impl.db.DbSqlSession.executeMandatorySchemaResource(DbSqlSession.java:1016)
	at org.activiti.engine.impl.db.DbSqlSession.dbSchemaCreateIdentity(DbSqlSession.java:985)
	at org.activiti.engine.impl.db.DbSqlSession.dbSchemaUpdate(DbSqlSession.java:1087)
	at org.activiti.engine.impl.db.DbSqlSession.performSchemaOperationsProcessEngineBuild(DbSqlSession.java:1422)
	at org.activiti.engine.impl.SchemaOperationsProcessEngineBuild.execute(SchemaOperationsProcessEngineBuild.java:27)
	at org.activiti.engine.impl.interceptor.CommandInvoker.execute(CommandInvoker.java:24)
	at org.activiti.engine.impl.interceptor.CommandContextInterceptor.execute(CommandContextInterceptor.java:57)
	at org.activiti.spring.SpringTransactionInterceptor$1.doInTransaction(SpringTransactionInterceptor.java:47)
	at org.springframework.transaction.support.TransactionTemplate.execute(TransactionTemplate.java:133)
	at org.activiti.spring.SpringTransactionInterceptor.execute(SpringTransactionInterceptor.java:45)
	at org.activiti.engine.impl.interceptor.LogInterceptor.execute(LogInterceptor.java:31)
	at org.activiti.engine.impl.cfg.CommandExecutorImpl.execute(CommandExecutorImpl.java:40)
	at org.activiti.engine.impl.ProcessEngineImpl.<init>(ProcessEngineImpl.java:80)
	at org.activiti.engine.impl.cfg.ProcessEngineConfigurationImpl.buildProcessEngine(ProcessEngineConfigurationImpl.java:613)
	at org.activiti.spring.SpringProcessEngineConfiguration.buildProcessEngine(SpringProcessEngineConfiguration.java:65)
	at org.activiti.spring.ProcessEngineFactoryBean.getObject(ProcessEngineFactoryBean.java:60)
	at org.activiti.spring.ProcessEngineFactoryBean.getObject(ProcessEngineFactoryBean.java:32)
	at org.springframework.beans.factory.support.FactoryBeanRegistrySupport.doGetObjectFromFactoryBean(FactoryBeanRegistrySupport.java:168)
	at org.springframework.beans.factory.support.FactoryBeanRegistrySupport.getObjectFromFactoryBean(FactoryBeanRegistrySupport.java:103)
	at org.springframework.beans.factory.support.AbstractBeanFactory.getObjectForBeanInstance(AbstractBeanFactory.java:1634)
	at org.springframework.beans.factory.support.AbstractBeanFactory.doGetBean(AbstractBeanFactory.java:317)
	at org.springframework.beans.factory.support.AbstractBeanFactory.getBean(AbstractBeanFactory.java:202)
	at org.springframework.beans.factory.config.DependencyDescriptor.resolveCandidate(DependencyDescriptor.java:208)
	at org.springframework.beans.factory.support.DefaultListableBeanFactory.doResolveDependency(DefaultListableBeanFactory.java:1138)
	at org.springframework.beans.factory.support.DefaultListableBeanFactory.resolveDependency(DefaultListableBeanFactory.java:1066)
	at org.springframework.beans.factory.support.ConstructorResolver.resolveAutowiredArgument(ConstructorResolver.java:835)
	at org.springframework.beans.factory.support.ConstructorResolver.createArgumentArray(ConstructorResolver.java:741)
	at org.springframework.beans.factory.support.ConstructorResolver.instantiateUsingFactoryMethod(ConstructorResolver.java:467)
	at org.springframework.beans.factory.support.AbstractAutowireCapableBeanFactory.instantiateUsingFactoryMethod(AbstractAutowireCapableBeanFactory.java:1173)
	at org.springframework.beans.factory.support.AbstractAutowireCapableBeanFactory.createBeanInstance(AbstractAutowireCapableBeanFactory.java:1067)
	at org.springframework.beans.factory.support.AbstractAutowireCapableBeanFactory.doCreateBean(AbstractAutowireCapableBeanFactory.java:513)
	at org.springframework.beans.factory.support.AbstractAutowireCapableBeanFactory.createBean(AbstractAutowireCapableBeanFactory.java:483)
	at org.springframework.beans.factory.support.AbstractBeanFactory$1.getObject(AbstractBeanFactory.java:306)
	at org.springframework.beans.factory.support.DefaultSingletonBeanRegistry.getSingleton(DefaultSingletonBeanRegistry.java:230)
	at org.springframework.beans.factory.support.AbstractBeanFactory.doGetBean(AbstractBeanFactory.java:302)
	at org.springframework.beans.factory.support.AbstractBeanFactory.getBean(AbstractBeanFactory.java:202)
	at org.springframework.beans.factory.config.DependencyDescriptor.resolveCandidate(DependencyDescriptor.java:208)
	at org.springframework.beans.factory.support.DefaultListableBeanFactory.doResolveDependency(DefaultListableBeanFactory.java:1138)
	at org.springframework.beans.factory.support.DefaultListableBeanFactory.resolveDependency(DefaultListableBeanFactory.java:1066)
	at org.springframework.beans.factory.annotation.AutowiredAnnotationBeanPostProcessor$AutowiredFieldElement.inject(AutowiredAnnotationBeanPostProcessor.java:585)
	at org.springframework.beans.factory.annotation.InjectionMetadata.inject(InjectionMetadata.java:88)
	at org.springframework.beans.factory.annotation.AutowiredAnnotationBeanPostProcessor.postProcessPropertyValues(AutowiredAnnotationBeanPostProcessor.java:366)
	at org.springframework.beans.factory.support.AbstractAutowireCapableBeanFactory.populateBean(AbstractAutowireCapableBeanFactory.java:1264)
	at org.springframework.beans.factory.support.AbstractAutowireCapableBeanFactory.doCreateBean(AbstractAutowireCapableBeanFactory.java:553)
	at org.springframework.beans.factory.support.AbstractAutowireCapableBeanFactory.createBean(AbstractAutowireCapableBeanFactory.java:483)
	at org.springframework.beans.factory.support.AbstractBeanFactory$1.getObject(AbstractBeanFactory.java:306)
	at org.springframework.beans.factory.support.DefaultSingletonBeanRegistry.getSingleton(DefaultSingletonBeanRegistry.java:230)
	at org.springframework.beans.factory.support.AbstractBeanFactory.doGetBean(AbstractBeanFactory.java:302)
	at org.springframework.beans.factory.support.AbstractBeanFactory.getBean(AbstractBeanFactory.java:197)
	at org.springframework.beans.factory.support.DefaultListableBeanFactory.preInstantiateSingletons(DefaultListableBeanFactory.java:761)
	at org.springframework.context.support.AbstractApplicationContext.finishBeanFactoryInitialization(AbstractApplicationContext.java:867)
	at org.springframework.context.support.AbstractApplicationContext.refresh(AbstractApplicationContext.java:543)
	at org.springframework.boot.context.embedded.EmbeddedWebApplicationContext.refresh(EmbeddedWebApplicationContext.java:122)
	at org.springframework.boot.SpringApplication.refresh(SpringApplication.java:693)
	at org.springframework.boot.SpringApplication.refreshContext(SpringApplication.java:360)
	at org.springframework.boot.SpringApplication.run(SpringApplication.java:303)
	at org.springframework.boot.SpringApplication.run(SpringApplication.java:1118)
	at org.springframework.boot.SpringApplication.run(SpringApplication.java:1107)
	at com.bootdo.BootdoApplication.main(BootdoApplication.java:18)
	at sun.reflect.NativeMethodAccessorImpl.invoke0(java.base@9-internal/Native Method)
	at sun.reflect.NativeMethodAccessorImpl.invoke(java.base@9-internal/NativeMethodAccessorImpl.java:62)
	at sun.reflect.DelegatingMethodAccessorImpl.invoke(java.base@9-internal/DelegatingMethodAccessorImpl.java:43)
	at java.lang.reflect.Method.invoke(java.base@9-internal/Method.java:531)
	at org.springframework.boot.loader.MainMethodRunner.run(MainMethodRunner.java:48)
	at org.springframework.boot.loader.Launcher.launch(Launcher.java:87)
	at org.springframework.boot.loader.Launcher.launch(Launcher.java:50)
	at org.springframework.boot.loader.JarLauncher.main(JarLauncher.java:51)
2018-07-17 07:48:06 -problem during schema create, statement alter table ACT_ID_MEMBERSHIP 
add constraint ACT_FK_MEMB_USER 
foreign key (USER_ID_) 
references ACT_ID_USER (ID_)
com.mysql.jdbc.exceptions.jdbc4.MySQLIntegrityConstraintViolationException: Can't write; duplicate key in table '#sql-569_1b'
	at sun.reflect.NativeConstructorAccessorImpl.newInstance0(java.base@9-internal/Native Method)
	at sun.reflect.NativeConstructorAccessorImpl.newInstance(java.base@9-internal/NativeConstructorAccessorImpl.java:62)
	at sun.reflect.DelegatingConstructorAccessorImpl.newInstance(java.base@9-internal/DelegatingConstructorAccessorImpl.java:45)
	at java.lang.reflect.Constructor.newInstance(java.base@9-internal/Constructor.java:453)
	at com.mysql.jdbc.Util.handleNewInstance(Util.java:425)
	at com.mysql.jdbc.Util.getInstance(Util.java:408)
	at com.mysql.jdbc.SQLError.createSQLException(SQLError.java:935)
	at com.mysql.jdbc.MysqlIO.checkErrorPacket(MysqlIO.java:3973)
	at com.mysql.jdbc.MysqlIO.checkErrorPacket(MysqlIO.java:3909)
	at com.mysql.jdbc.MysqlIO.sendCommand(MysqlIO.java:2527)
	at com.mysql.jdbc.MysqlIO.sqlQueryDirect(MysqlIO.java:2680)
	at com.mysql.jdbc.ConnectionImpl.execSQL(ConnectionImpl.java:2483)
	at com.mysql.jdbc.ConnectionImpl.execSQL(ConnectionImpl.java:2441)
	at com.mysql.jdbc.StatementImpl.executeInternal(StatementImpl.java:845)
	at com.mysql.jdbc.StatementImpl.execute(StatementImpl.java:745)
	at com.alibaba.druid.filter.FilterChainImpl.statement_execute(FilterChainImpl.java:2489)
	at com.alibaba.druid.filter.FilterAdapter.statement_execute(FilterAdapter.java:2451)
	at com.alibaba.druid.filter.FilterEventAdapter.statement_execute(FilterEventAdapter.java:188)
	at com.alibaba.druid.filter.FilterChainImpl.statement_execute(FilterChainImpl.java:2487)
	at com.alibaba.druid.wall.WallFilter.statement_execute(WallFilter.java:398)
	at com.alibaba.druid.filter.FilterChainImpl.statement_execute(FilterChainImpl.java:2487)
	at com.alibaba.druid.filter.FilterAdapter.statement_execute(FilterAdapter.java:2451)
	at com.alibaba.druid.filter.FilterEventAdapter.statement_execute(FilterEventAdapter.java:188)
	at com.alibaba.druid.filter.FilterChainImpl.statement_execute(FilterChainImpl.java:2487)
	at com.alibaba.druid.proxy.jdbc.StatementProxyImpl.execute(StatementProxyImpl.java:137)
	at com.alibaba.druid.pool.DruidPooledStatement.execute(DruidPooledStatement.java:418)
	at org.activiti.engine.impl.db.DbSqlSession.executeSchemaResource(DbSqlSession.java:1311)
	at org.activiti.engine.impl.db.DbSqlSession.executeSchemaResource(DbSqlSession.java:1231)
	at org.activiti.engine.impl.db.DbSqlSession.executeMandatorySchemaResource(DbSqlSession.java:1016)
	at org.activiti.engine.impl.db.DbSqlSession.dbSchemaCreateIdentity(DbSqlSession.java:985)
	at org.activiti.engine.impl.db.DbSqlSession.dbSchemaUpdate(DbSqlSession.java:1087)
	at org.activiti.engine.impl.db.DbSqlSession.performSchemaOperationsProcessEngineBuild(DbSqlSession.java:1422)
	at org.activiti.engine.impl.SchemaOperationsProcessEngineBuild.execute(SchemaOperationsProcessEngineBuild.java:27)
	at org.activiti.engine.impl.interceptor.CommandInvoker.execute(CommandInvoker.java:24)
	at org.activiti.engine.impl.interceptor.CommandContextInterceptor.execute(CommandContextInterceptor.java:57)
	at org.activiti.spring.SpringTransactionInterceptor$1.doInTransaction(SpringTransactionInterceptor.java:47)
	at org.springframework.transaction.support.TransactionTemplate.execute(TransactionTemplate.java:133)
	at org.activiti.spring.SpringTransactionInterceptor.execute(SpringTransactionInterceptor.java:45)
	at org.activiti.engine.impl.interceptor.LogInterceptor.execute(LogInterceptor.java:31)
	at org.activiti.engine.impl.cfg.CommandExecutorImpl.execute(CommandExecutorImpl.java:40)
	at org.activiti.engine.impl.ProcessEngineImpl.<init>(ProcessEngineImpl.java:80)
	at org.activiti.engine.impl.cfg.ProcessEngineConfigurationImpl.buildProcessEngine(ProcessEngineConfigurationImpl.java:613)
	at org.activiti.spring.SpringProcessEngineConfiguration.buildProcessEngine(SpringProcessEngineConfiguration.java:65)
	at org.activiti.spring.ProcessEngineFactoryBean.getObject(ProcessEngineFactoryBean.java:60)
	at org.activiti.spring.ProcessEngineFactoryBean.getObject(ProcessEngineFactoryBean.java:32)
	at org.springframework.beans.factory.support.FactoryBeanRegistrySupport.doGetObjectFromFactoryBean(FactoryBeanRegistrySupport.java:168)
	at org.springframework.beans.factory.support.FactoryBeanRegistrySupport.getObjectFromFactoryBean(FactoryBeanRegistrySupport.java:103)
	at org.springframework.beans.factory.support.AbstractBeanFactory.getObjectForBeanInstance(AbstractBeanFactory.java:1634)
	at org.springframework.beans.factory.support.AbstractBeanFactory.doGetBean(AbstractBeanFactory.java:317)
	at org.springframework.beans.factory.support.AbstractBeanFactory.getBean(AbstractBeanFactory.java:202)
	at org.springframework.beans.factory.config.DependencyDescriptor.resolveCandidate(DependencyDescriptor.java:208)
	at org.springframework.beans.factory.support.DefaultListableBeanFactory.doResolveDependency(DefaultListableBeanFactory.java:1138)
	at org.springframework.beans.factory.support.DefaultListableBeanFactory.resolveDependency(DefaultListableBeanFactory.java:1066)
	at org.springframework.beans.factory.support.ConstructorResolver.resolveAutowiredArgument(ConstructorResolver.java:835)
	at org.springframework.beans.factory.support.ConstructorResolver.createArgumentArray(ConstructorResolver.java:741)
	at org.springframework.beans.factory.support.ConstructorResolver.instantiateUsingFactoryMethod(ConstructorResolver.java:467)
	at org.springframework.beans.factory.support.AbstractAutowireCapableBeanFactory.instantiateUsingFactoryMethod(AbstractAutowireCapableBeanFactory.java:1173)
	at org.springframework.beans.factory.support.AbstractAutowireCapableBeanFactory.createBeanInstance(AbstractAutowireCapableBeanFactory.java:1067)
	at org.springframework.beans.factory.support.AbstractAutowireCapableBeanFactory.doCreateBean(AbstractAutowireCapableBeanFactory.java:513)
	at org.springframework.beans.factory.support.AbstractAutowireCapableBeanFactory.createBean(AbstractAutowireCapableBeanFactory.java:483)
	at org.springframework.beans.factory.support.AbstractBeanFactory$1.getObject(AbstractBeanFactory.java:306)
	at org.springframework.beans.factory.support.DefaultSingletonBeanRegistry.getSingleton(DefaultSingletonBeanRegistry.java:230)
	at org.springframework.beans.factory.support.AbstractBeanFactory.doGetBean(AbstractBeanFactory.java:302)
	at org.springframework.beans.factory.support.AbstractBeanFactory.getBean(AbstractBeanFactory.java:202)
	at org.springframework.beans.factory.config.DependencyDescriptor.resolveCandidate(DependencyDescriptor.java:208)
	at org.springframework.beans.factory.support.DefaultListableBeanFactory.doResolveDependency(DefaultListableBeanFactory.java:1138)
	at org.springframework.beans.factory.support.DefaultListableBeanFactory.resolveDependency(DefaultListableBeanFactory.java:1066)
	at org.springframework.beans.factory.annotation.AutowiredAnnotationBeanPostProcessor$AutowiredFieldElement.inject(AutowiredAnnotationBeanPostProcessor.java:585)
	at org.springframework.beans.factory.annotation.InjectionMetadata.inject(InjectionMetadata.java:88)
	at org.springframework.beans.factory.annotation.AutowiredAnnotationBeanPostProcessor.postProcessPropertyValues(AutowiredAnnotationBeanPostProcessor.java:366)
	at org.springframework.beans.factory.support.AbstractAutowireCapableBeanFactory.populateBean(AbstractAutowireCapableBeanFactory.java:1264)
	at org.springframework.beans.factory.support.AbstractAutowireCapableBeanFactory.doCreateBean(AbstractAutowireCapableBeanFactory.java:553)
	at org.springframework.beans.factory.support.AbstractAutowireCapableBeanFactory.createBean(AbstractAutowireCapableBeanFactory.java:483)
	at org.springframework.beans.factory.support.AbstractBeanFactory$1.getObject(AbstractBeanFactory.java:306)
	at org.springframework.beans.factory.support.DefaultSingletonBeanRegistry.getSingleton(DefaultSingletonBeanRegistry.java:230)
	at org.springframework.beans.factory.support.AbstractBeanFactory.doGetBean(AbstractBeanFactory.java:302)
	at org.springframework.beans.factory.support.AbstractBeanFactory.getBean(AbstractBeanFactory.java:197)
	at org.springframework.beans.factory.support.DefaultListableBeanFactory.preInstantiateSingletons(DefaultListableBeanFactory.java:761)
	at org.springframework.context.support.AbstractApplicationContext.finishBeanFactoryInitialization(AbstractApplicationContext.java:867)
	at org.springframework.context.support.AbstractApplicationContext.refresh(AbstractApplicationContext.java:543)
	at org.springframework.boot.context.embedded.EmbeddedWebApplicationContext.refresh(EmbeddedWebApplicationContext.java:122)
	at org.springframework.boot.SpringApplication.refresh(SpringApplication.java:693)
	at org.springframework.boot.SpringApplication.refreshContext(SpringApplication.java:360)
	at org.springframework.boot.SpringApplication.run(SpringApplication.java:303)
	at org.springframework.boot.SpringApplication.run(SpringApplication.java:1118)
	at org.springframework.boot.SpringApplication.run(SpringApplication.java:1107)
	at com.bootdo.BootdoApplication.main(BootdoApplication.java:18)
	at sun.reflect.NativeMethodAccessorImpl.invoke0(java.base@9-internal/Native Method)
	at sun.reflect.NativeMethodAccessorImpl.invoke(java.base@9-internal/NativeMethodAccessorImpl.java:62)
	at sun.reflect.DelegatingMethodAccessorImpl.invoke(java.base@9-internal/DelegatingMethodAccessorImpl.java:43)
	at java.lang.reflect.Method.invoke(java.base@9-internal/Method.java:531)
	at org.springframework.boot.loader.MainMethodRunner.run(MainMethodRunner.java:48)
	at org.springframework.boot.loader.Launcher.launch(Launcher.java:87)
	at org.springframework.boot.loader.Launcher.launch(Launcher.java:50)
	at org.springframework.boot.loader.JarLauncher.main(JarLauncher.java:51)
2018-07-17 07:48:06 -Error while closing command context
org.activiti.engine.ActivitiException: couldn't create db schema: alter table ACT_ID_MEMBERSHIP 
add constraint ACT_FK_MEMB_GROUP 
foreign key (GROUP_ID_) 
references ACT_ID_GROUP (ID_)
	at org.activiti.engine.impl.db.DbSqlSession.executeSchemaResource(DbSqlSession.java:1337)
	at org.activiti.engine.impl.db.DbSqlSession.executeSchemaResource(DbSqlSession.java:1231)
	at org.activiti.engine.impl.db.DbSqlSession.executeMandatorySchemaResource(DbSqlSession.java:1016)
	at org.activiti.engine.impl.db.DbSqlSession.dbSchemaCreateIdentity(DbSqlSession.java:985)
	at org.activiti.engine.impl.db.DbSqlSession.dbSchemaUpdate(DbSqlSession.java:1087)
	at org.activiti.engine.impl.db.DbSqlSession.performSchemaOperationsProcessEngineBuild(DbSqlSession.java:1422)
	at org.activiti.engine.impl.SchemaOperationsProcessEngineBuild.execute(SchemaOperationsProcessEngineBuild.java:27)
	at org.activiti.engine.impl.interceptor.CommandInvoker.execute(CommandInvoker.java:24)
	at org.activiti.engine.impl.interceptor.CommandContextInterceptor.execute(CommandContextInterceptor.java:57)
	at org.activiti.spring.SpringTransactionInterceptor$1.doInTransaction(SpringTransactionInterceptor.java:47)
	at org.springframework.transaction.support.TransactionTemplate.execute(TransactionTemplate.java:133)
	at org.activiti.spring.SpringTransactionInterceptor.execute(SpringTransactionInterceptor.java:45)
	at org.activiti.engine.impl.interceptor.LogInterceptor.execute(LogInterceptor.java:31)
	at org.activiti.engine.impl.cfg.CommandExecutorImpl.execute(CommandExecutorImpl.java:40)
	at org.activiti.engine.impl.ProcessEngineImpl.<init>(ProcessEngineImpl.java:80)
	at org.activiti.engine.impl.cfg.ProcessEngineConfigurationImpl.buildProcessEngine(ProcessEngineConfigurationImpl.java:613)
	at org.activiti.spring.SpringProcessEngineConfiguration.buildProcessEngine(SpringProcessEngineConfiguration.java:65)
	at org.activiti.spring.ProcessEngineFactoryBean.getObject(ProcessEngineFactoryBean.java:60)
	at org.activiti.spring.ProcessEngineFactoryBean.getObject(ProcessEngineFactoryBean.java:32)
	at org.springframework.beans.factory.support.FactoryBeanRegistrySupport.doGetObjectFromFactoryBean(FactoryBeanRegistrySupport.java:168)
	at org.springframework.beans.factory.support.FactoryBeanRegistrySupport.getObjectFromFactoryBean(FactoryBeanRegistrySupport.java:103)
	at org.springframework.beans.factory.support.AbstractBeanFactory.getObjectForBeanInstance(AbstractBeanFactory.java:1634)
	at org.springframework.beans.factory.support.AbstractBeanFactory.doGetBean(AbstractBeanFactory.java:317)
	at org.springframework.beans.factory.support.AbstractBeanFactory.getBean(AbstractBeanFactory.java:202)
	at org.springframework.beans.factory.config.DependencyDescriptor.resolveCandidate(DependencyDescriptor.java:208)
	at org.springframework.beans.factory.support.DefaultListableBeanFactory.doResolveDependency(DefaultListableBeanFactory.java:1138)
	at org.springframework.beans.factory.support.DefaultListableBeanFactory.resolveDependency(DefaultListableBeanFactory.java:1066)
	at org.springframework.beans.factory.support.ConstructorResolver.resolveAutowiredArgument(ConstructorResolver.java:835)
	at org.springframework.beans.factory.support.ConstructorResolver.createArgumentArray(ConstructorResolver.java:741)
	at org.springframework.beans.factory.support.ConstructorResolver.instantiateUsingFactoryMethod(ConstructorResolver.java:467)
	at org.springframework.beans.factory.support.AbstractAutowireCapableBeanFactory.instantiateUsingFactoryMethod(AbstractAutowireCapableBeanFactory.java:1173)
	at org.springframework.beans.factory.support.AbstractAutowireCapableBeanFactory.createBeanInstance(AbstractAutowireCapableBeanFactory.java:1067)
	at org.springframework.beans.factory.support.AbstractAutowireCapableBeanFactory.doCreateBean(AbstractAutowireCapableBeanFactory.java:513)
	at org.springframework.beans.factory.support.AbstractAutowireCapableBeanFactory.createBean(AbstractAutowireCapableBeanFactory.java:483)
	at org.springframework.beans.factory.support.AbstractBeanFactory$1.getObject(AbstractBeanFactory.java:306)
	at org.springframework.beans.factory.support.DefaultSingletonBeanRegistry.getSingleton(DefaultSingletonBeanRegistry.java:230)
	at org.springframework.beans.factory.support.AbstractBeanFactory.doGetBean(AbstractBeanFactory.java:302)
	at org.springframework.beans.factory.support.AbstractBeanFactory.getBean(AbstractBeanFactory.java:202)
	at org.springframework.beans.factory.config.DependencyDescriptor.resolveCandidate(DependencyDescriptor.java:208)
	at org.springframework.beans.factory.support.DefaultListableBeanFactory.doResolveDependency(DefaultListableBeanFactory.java:1138)
	at org.springframework.beans.factory.support.DefaultListableBeanFactory.resolveDependency(DefaultListableBeanFactory.java:1066)
	at org.springframework.beans.factory.annotation.AutowiredAnnotationBeanPostProcessor$AutowiredFieldElement.inject(AutowiredAnnotationBeanPostProcessor.java:585)
	at org.springframework.beans.factory.annotation.InjectionMetadata.inject(InjectionMetadata.java:88)
	at org.springframework.beans.factory.annotation.AutowiredAnnotationBeanPostProcessor.postProcessPropertyValues(AutowiredAnnotationBeanPostProcessor.java:366)
	at org.springframework.beans.factory.support.AbstractAutowireCapableBeanFactory.populateBean(AbstractAutowireCapableBeanFactory.java:1264)
	at org.springframework.beans.factory.support.AbstractAutowireCapableBeanFactory.doCreateBean(AbstractAutowireCapableBeanFactory.java:553)
	at org.springframework.beans.factory.support.AbstractAutowireCapableBeanFactory.createBean(AbstractAutowireCapableBeanFactory.java:483)
	at org.springframework.beans.factory.support.AbstractBeanFactory$1.getObject(AbstractBeanFactory.java:306)
	at org.springframework.beans.factory.support.DefaultSingletonBeanRegistry.getSingleton(DefaultSingletonBeanRegistry.java:230)
	at org.springframework.beans.factory.support.AbstractBeanFactory.doGetBean(AbstractBeanFactory.java:302)
	at org.springframework.beans.factory.support.AbstractBeanFactory.getBean(AbstractBeanFactory.java:197)
	at org.springframework.beans.factory.support.DefaultListableBeanFactory.preInstantiateSingletons(DefaultListableBeanFactory.java:761)
	at org.springframework.context.support.AbstractApplicationContext.finishBeanFactoryInitialization(AbstractApplicationContext.java:867)
	at org.springframework.context.support.AbstractApplicationContext.refresh(AbstractApplicationContext.java:543)
	at org.springframework.boot.context.embedded.EmbeddedWebApplicationContext.refresh(EmbeddedWebApplicationContext.java:122)
	at org.springframework.boot.SpringApplication.refresh(SpringApplication.java:693)
	at org.springframework.boot.SpringApplication.refreshContext(SpringApplication.java:360)
	at org.springframework.boot.SpringApplication.run(SpringApplication.java:303)
	at org.springframework.boot.SpringApplication.run(SpringApplication.java:1118)
	at org.springframework.boot.SpringApplication.run(SpringApplication.java:1107)
	at com.bootdo.BootdoApplication.main(BootdoApplication.java:18)
	at sun.reflect.NativeMethodAccessorImpl.invoke0(java.base@9-internal/Native Method)
	at sun.reflect.NativeMethodAccessorImpl.invoke(java.base@9-internal/NativeMethodAccessorImpl.java:62)
	at sun.reflect.DelegatingMethodAccessorImpl.invoke(java.base@9-internal/DelegatingMethodAccessorImpl.java:43)
	at java.lang.reflect.Method.invoke(java.base@9-internal/Method.java:531)
	at org.springframework.boot.loader.MainMethodRunner.run(MainMethodRunner.java:48)
	at org.springframework.boot.loader.Launcher.launch(Launcher.java:87)
	at org.springframework.boot.loader.Launcher.launch(Launcher.java:50)
	at org.springframework.boot.loader.JarLauncher.main(JarLauncher.java:51)
Caused by: com.mysql.jdbc.exceptions.jdbc4.MySQLIntegrityConstraintViolationException: Can't write; duplicate key in table '#sql-569_1b'
	at sun.reflect.NativeConstructorAccessorImpl.newInstance0(java.base@9-internal/Native Method)
	at sun.reflect.NativeConstructorAccessorImpl.newInstance(java.base@9-internal/NativeConstructorAccessorImpl.java:62)
	at sun.reflect.DelegatingConstructorAccessorImpl.newInstance(java.base@9-internal/DelegatingConstructorAccessorImpl.java:45)
	at java.lang.reflect.Constructor.newInstance(java.base@9-internal/Constructor.java:453)
	at com.mysql.jdbc.Util.handleNewInstance(Util.java:425)
	at com.mysql.jdbc.Util.getInstance(Util.java:408)
	at com.mysql.jdbc.SQLError.createSQLException(SQLError.java:935)
	at com.mysql.jdbc.MysqlIO.checkErrorPacket(MysqlIO.java:3973)
	at com.mysql.jdbc.MysqlIO.checkErrorPacket(MysqlIO.java:3909)
	at com.mysql.jdbc.MysqlIO.sendCommand(MysqlIO.java:2527)
	at com.mysql.jdbc.MysqlIO.sqlQueryDirect(MysqlIO.java:2680)
	at com.mysql.jdbc.ConnectionImpl.execSQL(ConnectionImpl.java:2483)
	at com.mysql.jdbc.ConnectionImpl.execSQL(ConnectionImpl.java:2441)
	at com.mysql.jdbc.StatementImpl.executeInternal(StatementImpl.java:845)
	at com.mysql.jdbc.StatementImpl.execute(StatementImpl.java:745)
	at com.alibaba.druid.filter.FilterChainImpl.statement_execute(FilterChainImpl.java:2489)
	at com.alibaba.druid.filter.FilterAdapter.statement_execute(FilterAdapter.java:2451)
	at com.alibaba.druid.filter.FilterEventAdapter.statement_execute(FilterEventAdapter.java:188)
	at com.alibaba.druid.filter.FilterChainImpl.statement_execute(FilterChainImpl.java:2487)
	at com.alibaba.druid.wall.WallFilter.statement_execute(WallFilter.java:398)
	at com.alibaba.druid.filter.FilterChainImpl.statement_execute(FilterChainImpl.java:2487)
	at com.alibaba.druid.filter.FilterAdapter.statement_execute(FilterAdapter.java:2451)
	at com.alibaba.druid.filter.FilterEventAdapter.statement_execute(FilterEventAdapter.java:188)
	at com.alibaba.druid.filter.FilterChainImpl.statement_execute(FilterChainImpl.java:2487)
	at com.alibaba.druid.proxy.jdbc.StatementProxyImpl.execute(StatementProxyImpl.java:137)
	at com.alibaba.druid.pool.DruidPooledStatement.execute(DruidPooledStatement.java:418)
	at org.activiti.engine.impl.db.DbSqlSession.executeSchemaResource(DbSqlSession.java:1311)
	... 68 common frames omitted
2018-07-17 07:48:06 -Exception encountered during context initialization - cancelling refresh attempt: org.springframework.beans.factory.UnsatisfiedDependencyException: Error creating bean with name 'processServiceImpl': Unsatisfied dependency expressed through field 'repositoryService'; nested exception is org.springframework.beans.factory.UnsatisfiedDependencyException: Error creating bean with name 'repositoryService' defined in class path resource [com/bootdo/activiti/config/ActivitiConfig.class]: Unsatisfied dependency expressed through method 'repositoryService' parameter 0; nested exception is org.springframework.beans.factory.BeanCreationException: Error creating bean with name 'processEngine': FactoryBean threw exception on object creation; nested exception is org.activiti.engine.ActivitiException: couldn't create db schema: alter table ACT_ID_MEMBERSHIP 
add constraint ACT_FK_MEMB_GROUP 
foreign key (GROUP_ID_) 
references ACT_ID_GROUP (ID_)
2018-07-17 07:48:06 -Scheduler schedulerFactoryBean_$_NON_CLUSTERED shutting down.
2018-07-17 07:48:06 -Scheduler schedulerFactoryBean_$_NON_CLUSTERED paused.
2018-07-17 07:48:06 -Scheduler schedulerFactoryBean_$_NON_CLUSTERED shutdown complete.
2018-07-17 07:48:06 -Shutting down Quartz Scheduler
2018-07-17 07:48:06 -Shutting down ExecutorService 'clientOutboundChannelExecutor'
2018-07-17 07:48:06 -Shutting down ExecutorService 'clientInboundChannelExecutor'
2018-07-17 07:48:06 -{dataSource-1} closed
2018-07-17 07:48:06 -Stopping service [Tomcat]
2018-07-17 07:48:06 -When running on Java 9 you need to add "--add-opens=java.rmi/sun.rmi.transport=ALL-UNNAMED" to the JVM command line arguments to enable RMI Target memory leak detection. Alternatively, you can suppress this warning by disabling RMI Target memory leak detection.
2018-07-17 07:48:06 -

Error starting ApplicationContext. To display the auto-configuration report re-run your application with 'debug' enabled.
2018-07-17 07:48:06 -Application startup failed
org.springframework.beans.factory.UnsatisfiedDependencyException: Error creating bean with name 'processServiceImpl': Unsatisfied dependency expressed through field 'repositoryService'; nested exception is org.springframework.beans.factory.UnsatisfiedDependencyException: Error creating bean with name 'repositoryService' defined in class path resource [com/bootdo/activiti/config/ActivitiConfig.class]: Unsatisfied dependency expressed through method 'repositoryService' parameter 0; nested exception is org.springframework.beans.factory.BeanCreationException: Error creating bean with name 'processEngine': FactoryBean threw exception on object creation; nested exception is org.activiti.engine.ActivitiException: couldn't create db schema: alter table ACT_ID_MEMBERSHIP 
add constraint ACT_FK_MEMB_GROUP 
foreign key (GROUP_ID_) 
references ACT_ID_GROUP (ID_)
	at org.springframework.beans.factory.annotation.AutowiredAnnotationBeanPostProcessor$AutowiredFieldElement.inject(AutowiredAnnotationBeanPostProcessor.java:588)
	at org.springframework.beans.factory.annotation.InjectionMetadata.inject(InjectionMetadata.java:88)
	at org.springframework.beans.factory.annotation.AutowiredAnnotationBeanPostProcessor.postProcessPropertyValues(AutowiredAnnotationBeanPostProcessor.java:366)
	at org.springframework.beans.factory.support.AbstractAutowireCapableBeanFactory.populateBean(AbstractAutowireCapableBeanFactory.java:1264)
	at org.springframework.beans.factory.support.AbstractAutowireCapableBeanFactory.doCreateBean(AbstractAutowireCapableBeanFactory.java:553)
	at org.springframework.beans.factory.support.AbstractAutowireCapableBeanFactory.createBean(AbstractAutowireCapableBeanFactory.java:483)
	at org.springframework.beans.factory.support.AbstractBeanFactory$1.getObject(AbstractBeanFactory.java:306)
	at org.springframework.beans.factory.support.DefaultSingletonBeanRegistry.getSingleton(DefaultSingletonBeanRegistry.java:230)
	at org.springframework.beans.factory.support.AbstractBeanFactory.doGetBean(AbstractBeanFactory.java:302)
	at org.springframework.beans.factory.support.AbstractBeanFactory.getBean(AbstractBeanFactory.java:197)
	at org.springframework.beans.factory.support.DefaultListableBeanFactory.preInstantiateSingletons(DefaultListableBeanFactory.java:761)
	at org.springframework.context.support.AbstractApplicationContext.finishBeanFactoryInitialization(AbstractApplicationContext.java:867)
	at org.springframework.context.support.AbstractApplicationContext.refresh(AbstractApplicationContext.java:543)
	at org.springframework.boot.context.embedded.EmbeddedWebApplicationContext.refresh(EmbeddedWebApplicationContext.java:122)
	at org.springframework.boot.SpringApplication.refresh(SpringApplication.java:693)
	at org.springframework.boot.SpringApplication.refreshContext(SpringApplication.java:360)
	at org.springframework.boot.SpringApplication.run(SpringApplication.java:303)
	at org.springframework.boot.SpringApplication.run(SpringApplication.java:1118)
	at org.springframework.boot.SpringApplication.run(SpringApplication.java:1107)
	at com.bootdo.BootdoApplication.main(BootdoApplication.java:18)
	at sun.reflect.NativeMethodAccessorImpl.invoke0(java.base@9-internal/Native Method)
	at sun.reflect.NativeMethodAccessorImpl.invoke(java.base@9-internal/NativeMethodAccessorImpl.java:62)
	at sun.reflect.DelegatingMethodAccessorImpl.invoke(java.base@9-internal/DelegatingMethodAccessorImpl.java:43)
	at java.lang.reflect.Method.invoke(java.base@9-internal/Method.java:531)
	at org.springframework.boot.loader.MainMethodRunner.run(MainMethodRunner.java:48)
	at org.springframework.boot.loader.Launcher.launch(Launcher.java:87)
	at org.springframework.boot.loader.Launcher.launch(Launcher.java:50)
	at org.springframework.boot.loader.JarLauncher.main(JarLauncher.java:51)
Caused by: org.springframework.beans.factory.UnsatisfiedDependencyException: Error creating bean with name 'repositoryService' defined in class path resource [com/bootdo/activiti/config/ActivitiConfig.class]: Unsatisfied dependency expressed through method 'repositoryService' parameter 0; nested exception is org.springframework.beans.factory.BeanCreationException: Error creating bean with name 'processEngine': FactoryBean threw exception on object creation; nested exception is org.activiti.engine.ActivitiException: couldn't create db schema: alter table ACT_ID_MEMBERSHIP 
add constraint ACT_FK_MEMB_GROUP 
foreign key (GROUP_ID_) 
references ACT_ID_GROUP (ID_)
	at org.springframework.beans.factory.support.ConstructorResolver.createArgumentArray(ConstructorResolver.java:749)
	at org.springframework.beans.factory.support.ConstructorResolver.instantiateUsingFactoryMethod(ConstructorResolver.java:467)
	at org.springframework.beans.factory.support.AbstractAutowireCapableBeanFactory.instantiateUsingFactoryMethod(AbstractAutowireCapableBeanFactory.java:1173)
	at org.springframework.beans.factory.support.AbstractAutowireCapableBeanFactory.createBeanInstance(AbstractAutowireCapableBeanFactory.java:1067)
	at org.springframework.beans.factory.support.AbstractAutowireCapableBeanFactory.doCreateBean(AbstractAutowireCapableBeanFactory.java:513)
	at org.springframework.beans.factory.support.AbstractAutowireCapableBeanFactory.createBean(AbstractAutowireCapableBeanFactory.java:483)
	at org.springframework.beans.factory.support.AbstractBeanFactory$1.getObject(AbstractBeanFactory.java:306)
	at org.springframework.beans.factory.support.DefaultSingletonBeanRegistry.getSingleton(DefaultSingletonBeanRegistry.java:230)
	at org.springframework.beans.factory.support.AbstractBeanFactory.doGetBean(AbstractBeanFactory.java:302)
	at org.springframework.beans.factory.support.AbstractBeanFactory.getBean(AbstractBeanFactory.java:202)
	at org.springframework.beans.factory.config.DependencyDescriptor.resolveCandidate(DependencyDescriptor.java:208)
	at org.springframework.beans.factory.support.DefaultListableBeanFactory.doResolveDependency(DefaultListableBeanFactory.java:1138)
	at org.springframework.beans.factory.support.DefaultListableBeanFactory.resolveDependency(DefaultListableBeanFactory.java:1066)
	at org.springframework.beans.factory.annotation.AutowiredAnnotationBeanPostProcessor$AutowiredFieldElement.inject(AutowiredAnnotationBeanPostProcessor.java:585)
	... 27 common frames omitted
Caused by: org.springframework.beans.factory.BeanCreationException: Error creating bean with name 'processEngine': FactoryBean threw exception on object creation; nested exception is org.activiti.engine.ActivitiException: couldn't create db schema: alter table ACT_ID_MEMBERSHIP 
add constraint ACT_FK_MEMB_GROUP 
foreign key (GROUP_ID_) 
references ACT_ID_GROUP (ID_)
	at org.springframework.beans.factory.support.FactoryBeanRegistrySupport.doGetObjectFromFactoryBean(FactoryBeanRegistrySupport.java:175)
	at org.springframework.beans.factory.support.FactoryBeanRegistrySupport.getObjectFromFactoryBean(FactoryBeanRegistrySupport.java:103)
	at org.springframework.beans.factory.support.AbstractBeanFactory.getObjectForBeanInstance(AbstractBeanFactory.java:1634)
	at org.springframework.beans.factory.support.AbstractBeanFactory.doGetBean(AbstractBeanFactory.java:317)
	at org.springframework.beans.factory.support.AbstractBeanFactory.getBean(AbstractBeanFactory.java:202)
	at org.springframework.beans.factory.config.DependencyDescriptor.resolveCandidate(DependencyDescriptor.java:208)
	at org.springframework.beans.factory.support.DefaultListableBeanFactory.doResolveDependency(DefaultListableBeanFactory.java:1138)
	at org.springframework.beans.factory.support.DefaultListableBeanFactory.resolveDependency(DefaultListableBeanFactory.java:1066)
	at org.springframework.beans.factory.support.ConstructorResolver.resolveAutowiredArgument(ConstructorResolver.java:835)
	at org.springframework.beans.factory.support.ConstructorResolver.createArgumentArray(ConstructorResolver.java:741)
	... 40 common frames omitted
Caused by: org.activiti.engine.ActivitiException: couldn't create db schema: alter table ACT_ID_MEMBERSHIP 
add constraint ACT_FK_MEMB_GROUP 
foreign key (GROUP_ID_) 
references ACT_ID_GROUP (ID_)
	at org.activiti.engine.impl.db.DbSqlSession.executeSchemaResource(DbSqlSession.java:1337)
	at org.activiti.engine.impl.db.DbSqlSession.executeSchemaResource(DbSqlSession.java:1231)
	at org.activiti.engine.impl.db.DbSqlSession.executeMandatorySchemaResource(DbSqlSession.java:1016)
	at org.activiti.engine.impl.db.DbSqlSession.dbSchemaCreateIdentity(DbSqlSession.java:985)
	at org.activiti.engine.impl.db.DbSqlSession.dbSchemaUpdate(DbSqlSession.java:1087)
	at org.activiti.engine.impl.db.DbSqlSession.performSchemaOperationsProcessEngineBuild(DbSqlSession.java:1422)
	at org.activiti.engine.impl.SchemaOperationsProcessEngineBuild.execute(SchemaOperationsProcessEngineBuild.java:27)
	at org.activiti.engine.impl.interceptor.CommandInvoker.execute(CommandInvoker.java:24)
	at org.activiti.engine.impl.interceptor.CommandContextInterceptor.execute(CommandContextInterceptor.java:57)
	at org.activiti.spring.SpringTransactionInterceptor$1.doInTransaction(SpringTransactionInterceptor.java:47)
	at org.springframework.transaction.support.TransactionTemplate.execute(TransactionTemplate.java:133)
	at org.activiti.spring.SpringTransactionInterceptor.execute(SpringTransactionInterceptor.java:45)
	at org.activiti.engine.impl.interceptor.LogInterceptor.execute(LogInterceptor.java:31)
	at org.activiti.engine.impl.cfg.CommandExecutorImpl.execute(CommandExecutorImpl.java:40)
	at org.activiti.engine.impl.ProcessEngineImpl.<init>(ProcessEngineImpl.java:80)
	at org.activiti.engine.impl.cfg.ProcessEngineConfigurationImpl.buildProcessEngine(ProcessEngineConfigurationImpl.java:613)
	at org.activiti.spring.SpringProcessEngineConfiguration.buildProcessEngine(SpringProcessEngineConfiguration.java:65)
	at org.activiti.spring.ProcessEngineFactoryBean.getObject(ProcessEngineFactoryBean.java:60)
	at org.activiti.spring.ProcessEngineFactoryBean.getObject(ProcessEngineFactoryBean.java:32)
	at org.springframework.beans.factory.support.FactoryBeanRegistrySupport.doGetObjectFromFactoryBean(FactoryBeanRegistrySupport.java:168)
	... 49 common frames omitted
Caused by: com.mysql.jdbc.exceptions.jdbc4.MySQLIntegrityConstraintViolationException: Can't write; duplicate key in table '#sql-569_1b'
	at sun.reflect.NativeConstructorAccessorImpl.newInstance0(java.base@9-internal/Native Method)
	at sun.reflect.NativeConstructorAccessorImpl.newInstance(java.base@9-internal/NativeConstructorAccessorImpl.java:62)
	at sun.reflect.DelegatingConstructorAccessorImpl.newInstance(java.base@9-internal/DelegatingConstructorAccessorImpl.java:45)
	at java.lang.reflect.Constructor.newInstance(java.base@9-internal/Constructor.java:453)
	at com.mysql.jdbc.Util.handleNewInstance(Util.java:425)
	at com.mysql.jdbc.Util.getInstance(Util.java:408)
	at com.mysql.jdbc.SQLError.createSQLException(SQLError.java:935)
	at com.mysql.jdbc.MysqlIO.checkErrorPacket(MysqlIO.java:3973)
	at com.mysql.jdbc.MysqlIO.checkErrorPacket(MysqlIO.java:3909)
	at com.mysql.jdbc.MysqlIO.sendCommand(MysqlIO.java:2527)
	at com.mysql.jdbc.MysqlIO.sqlQueryDirect(MysqlIO.java:2680)
	at com.mysql.jdbc.ConnectionImpl.execSQL(ConnectionImpl.java:2483)
	at com.mysql.jdbc.ConnectionImpl.execSQL(ConnectionImpl.java:2441)
	at com.mysql.jdbc.StatementImpl.executeInternal(StatementImpl.java:845)
	at com.mysql.jdbc.StatementImpl.execute(StatementImpl.java:745)
	at com.alibaba.druid.filter.FilterChainImpl.statement_execute(FilterChainImpl.java:2489)
	at com.alibaba.druid.filter.FilterAdapter.statement_execute(FilterAdapter.java:2451)
	at com.alibaba.druid.filter.FilterEventAdapter.statement_execute(FilterEventAdapter.java:188)
	at com.alibaba.druid.filter.FilterChainImpl.statement_execute(FilterChainImpl.java:2487)
	at com.alibaba.druid.wall.WallFilter.statement_execute(WallFilter.java:398)
	at com.alibaba.druid.filter.FilterChainImpl.statement_execute(FilterChainImpl.java:2487)
	at com.alibaba.druid.filter.FilterAdapter.statement_execute(FilterAdapter.java:2451)
	at com.alibaba.druid.filter.FilterEventAdapter.statement_execute(FilterEventAdapter.java:188)
	at com.alibaba.druid.filter.FilterChainImpl.statement_execute(FilterChainImpl.java:2487)
	at com.alibaba.druid.proxy.jdbc.StatementProxyImpl.execute(StatementProxyImpl.java:137)
	at com.alibaba.druid.pool.DruidPooledStatement.execute(DruidPooledStatement.java:418)
	at org.activiti.engine.impl.db.DbSqlSession.executeSchemaResource(DbSqlSession.java:1311)
	... 68 common frames omitted
